# JRE version: OpenJDK Runtime Environment (8.0_152-b06) (build 1.8.0_152-release-1136-b06)
# Java VM: OpenJDK 64-Bit Server VM (25.152-b06 mixed mode windows-amd64 compressed oops)
Heap:
 PSYoungGen      total 99840K, used 51808K [0x00000000e0000000, 0x00000000e6f80000, 0x0000000100000000)
  eden space 87552K, 48% used [0x00000000e0000000,0x00000000e2961c30,0x00000000e5580000)
  from space 12288K, 76% used [0x00000000e5580000,0x00000000e5eb6760,0x00000000e6180000)
  to   space 10752K, 0% used [0x00000000e6180000,0x00000000e6180000,0x00000000e6c00000)
 ParOldGen       total 64000K, used 17825K [0x00000000a0000000, 0x00000000a3e80000, 0x00000000e0000000)
  object space 64000K, 27% used [0x00000000a0000000,0x00000000a11687f8,0x00000000a3e80000)
 Metaspace       used 43399K, capacity 44448K, committed 44632K, reserved 1087488K
  class space    used 5905K, capacity 6226K, committed 6232K, reserved 1048576K
GC Heap History (10 events):
Event: 5.168 GC heap before
{Heap before GC invocations=7 (full 1):
 PSYoungGen      total 71680K, used 66560K [0x00000000e0000000, 0x00000000e4b00000, 0x0000000100000000)
  eden space 66560K, 100% used [0x00000000e0000000,0x00000000e4100000,0x00000000e4100000)
  from space 5120K, 0% used [0x00000000e4100000,0x00000000e4100000,0x00000000e4600000)
  to   space 5120K, 0% used [0x00000000e4600000,0x00000000e4600000,0x00000000e4b00000)
 ParOldGen       total 64000K, used 8269K [0x00000000a0000000, 0x00000000a3e80000, 0x00000000e0000000)
  object space 64000K, 12% used [0x00000000a0000000,0x00000000a0813548,0x00000000a3e80000)
 Metaspace       used 26003K, capacity 26504K, committed 26624K, reserved 1073152K
  class space    used 3639K, capacity 3797K, committed 3840K, reserved 1048576K
Event: 5.176 GC heap after
Heap after GC invocations=7 (full 1):
 PSYoungGen      total 67072K, used 5108K [0x00000000e0000000, 0x00000000e6f80000, 0x0000000100000000)
  eden space 61952K, 0% used [0x00000000e0000000,0x00000000e0000000,0x00000000e3c80000)
  from space 5120K, 99% used [0x00000000e4600000,0x00000000e4afd100,0x00000000e4b00000)
  to   space 9728K, 0% used [0x00000000e3c80000,0x00000000e3c80000,0x00000000e4600000)
 ParOldGen       total 64000K, used 9595K [0x00000000a0000000, 0x00000000a3e80000, 0x00000000e0000000)
  object space 64000K, 14% used [0x00000000a0000000,0x00000000a095ecc0,0x00000000a3e80000)
 Metaspace       used 26003K, capacity 26504K, committed 26624K, reserved 1073152K
  class space    used 3639K, capacity 3797K, committed 3840K, reserved 1048576K
}
Event: 6.025 GC heap before
{Heap before GC invocations=8 (full 1):
 PSYoungGen      total 67072K, used 67060K [0x00000000e0000000, 0x00000000e6f80000, 0x0000000100000000)
  eden space 61952K, 100% used [0x00000000e0000000,0x00000000e3c80000,0x00000000e3c80000)
  from space 5120K, 99% used [0x00000000e4600000,0x00000000e4afd100,0x00000000e4b00000)
  to   space 9728K, 0% used [0x00000000e3c80000,0x00000000e3c80000,0x00000000e4600000)
 ParOldGen       total 64000K, used 9595K [0x00000000a0000000, 0x00000000a3e80000, 0x00000000e0000000)
  object space 64000K, 14% used [0x00000000a0000000,0x00000000a095ecc0,0x00000000a3e80000)
 Metaspace       used 29949K, capacity 30544K, committed 30848K, reserved 1075200K
  class space    used 4213K, capacity 4417K, committed 4480K, reserved 1048576K
Event: 6.042 GC heap after
Heap after GC invocations=8 (full 1):
 PSYoungGen      total 71680K, used 9155K [0x00000000e0000000, 0x00000000e6c00000, 0x0000000100000000)
  eden space 61952K, 0% used [0x00000000e0000000,0x00000000e0000000,0x00000000e3c80000)
  from space 9728K, 94% used [0x00000000e3c80000,0x00000000e4570d88,0x00000000e4600000)
  to   space 10752K, 0% used [0x00000000e6180000,0x00000000e6180000,0x00000000e6c00000)
 ParOldGen       total 64000K, used 9603K [0x00000000a0000000, 0x00000000a3e80000, 0x00000000e0000000)
  object space 64000K, 15% used [0x00000000a0000000,0x00000000a0960cc0,0x00000000a3e80000)
 Metaspace       used 29949K, capacity 30544K, committed 30848K, reserved 1075200K
  class space    used 4213K, capacity 4417K, committed 4480K, reserved 1048576K
}
Event: 6.914 GC heap before
{Heap before GC invocations=9 (full 1):
 PSYoungGen      total 71680K, used 54721K [0x00000000e0000000, 0x00000000e6c00000, 0x0000000100000000)
  eden space 61952K, 73% used [0x00000000e0000000,0x00000000e2c7f700,0x00000000e3c80000)
  from space 9728K, 94% used [0x00000000e3c80000,0x00000000e4570d88,0x00000000e4600000)
  to   space 10752K, 0% used [0x00000000e6180000,0x00000000e6180000,0x00000000e6c00000)
 ParOldGen       total 64000K, used 9603K [0x00000000a0000000, 0x00000000a3e80000, 0x00000000e0000000)
  object space 64000K, 15% used [0x00000000a0000000,0x00000000a0960cc0,0x00000000a3e80000)
 Metaspace       used 34603K, capacity 35286K, committed 35416K, reserved 1079296K
  class space    used 4865K, capacity 5148K, committed 5208K, reserved 1048576K
Event: 6.932 GC heap after
Heap after GC invocations=9 (full 1):
 PSYoungGen      total 98304K, used 10732K [0x00000000e0000000, 0x00000000e6f80000, 0x0000000100000000)
  eden space 87552K, 0% used [0x00000000e0000000,0x00000000e0000000,0x00000000e5580000)
  from space 10752K, 99% used [0x00000000e6180000,0x00000000e6bfb1b8,0x00000000e6c00000)
  to   space 12288K, 0% used [0x00000000e5580000,0x00000000e5580000,0x00000000e6180000)
 ParOldGen       total 64000K, used 10299K [0x00000000a0000000, 0x00000000a3e80000, 0x00000000e0000000)
  object space 64000K, 16% used [0x00000000a0000000,0x00000000a0a0eeb0,0x00000000a3e80000)
 Metaspace       used 34603K, capacity 35286K, committed 35416K, reserved 1079296K
  class space    used 4865K, capacity 5148K, committed 5208K, reserved 1048576K
}
Event: 6.932 GC heap before
{Heap before GC invocations=10 (full 2):
 PSYoungGen      total 98304K, used 10732K [0x00000000e0000000, 0x00000000e6f80000, 0x0000000100000000)
  eden space 87552K, 0% used [0x00000000e0000000,0x00000000e0000000,0x00000000e5580000)
  from space 10752K, 99% used [0x00000000e6180000,0x00000000e6bfb1b8,0x00000000e6c00000)
  to   space 12288K, 0% used [0x00000000e5580000,0x00000000e5580000,0x00000000e6180000)
 ParOldGen       total 64000K, used 10299K [0x00000000a0000000, 0x00000000a3e80000, 0x00000000e0000000)
  object space 64000K, 16% used [0x00000000a0000000,0x00000000a0a0eeb0,0x00000000a3e80000)
 Metaspace       used 34603K, capacity 35286K, committed 35416K, reserved 1079296K
  class space    used 4865K, capacity 5148K, committed 5208K, reserved 1048576K
Event: 7.043 GC heap after
Heap after GC invocations=10 (full 2):
 PSYoungGen      total 98304K, used 0K [0x00000000e0000000, 0x00000000e6f80000, 0x0000000100000000)
  eden space 87552K, 0% used [0x00000000e0000000,0x00000000e0000000,0x00000000e5580000)
  from space 10752K, 0% used [0x00000000e6180000,0x00000000e6180000,0x00000000e6c00000)
  to   space 12288K, 0% used [0x00000000e5580000,0x00000000e5580000,0x00000000e6180000)
 ParOldGen       total 64000K, used 17817K [0x00000000a0000000, 0x00000000a3e80000, 0x00000000e0000000)
  object space 64000K, 27% used [0x00000000a0000000,0x00000000a11667f8,0x00000000a3e80000)
 Metaspace       used 34603K, capacity 35286K, committed 35416K, reserved 1079296K
  class space    used 4865K, capacity 5148K, committed 5208K, reserved 1048576K
}
Event: 8.098 GC heap before
{Heap before GC invocations=11 (full 2):
 PSYoungGen      total 98304K, used 87552K [0x00000000e0000000, 0x00000000e6f80000, 0x0000000100000000)
  eden space 87552K, 100% used [0x00000000e0000000,0x00000000e5580000,0x00000000e5580000)
  from space 10752K, 0% used [0x00000000e6180000,0x00000000e6180000,0x00000000e6c00000)
  to   space 12288K, 0% used [0x00000000e5580000,0x00000000e5580000,0x00000000e6180000)
 ParOldGen       total 64000K, used 17817K [0x00000000a0000000, 0x00000000a3e80000, 0x00000000e0000000)
  object space 64000K, 27% used [0x00000000a0000000,0x00000000a11667f8,0x00000000a3e80000)
 Metaspace       used 40570K, capacity 41360K, committed 41688K, reserved 1085440K
  class space    used 5549K, capacity 5821K, committed 5848K, reserved 1048576K
Event: 8.113 GC heap after
Heap after GC invocations=11 (full 2):
 PSYoungGen      total 99840K, used 9433K [0x00000000e0000000, 0x00000000e6f80000, 0x0000000100000000)
  eden space 87552K, 0% used [0x00000000e0000000,0x00000000e0000000,0x00000000e5580000)
  from space 12288K, 76% used [0x00000000e5580000,0x00000000e5eb6760,0x00000000e6180000)
  to   space 10752K, 0% used [0x00000000e6180000,0x00000000e6180000,0x00000000e6c00000)
 ParOldGen       total 64000K, used 17825K [0x00000000a0000000, 0x00000000a3e80000, 0x00000000e0000000)
  object space 64000K, 27% used [0x00000000a0000000,0x00000000a11687f8,0x00000000a3e80000)
 Metaspace       used 40570K, capacity 41360K, committed 41688K, reserved 1085440K
  class space    used 5549K, capacity 5821K, committed 5848K, reserved 1048576K
}

