# JRE version: OpenJDK Runtime Environment (8.0_152-b06) (build 1.8.0_152-release-1136-b06)
# Java VM: OpenJDK 64-Bit Server VM (25.152-b06 mixed mode windows-amd64 compressed oops)
Heap:
 PSYoungGen      total 140288K, used 56021K [0x00000000e0000000, 0x00000000ec380000, 0x0000000100000000)
  eden space 130560K, 42% used [0x00000000e0000000,0x00000000e36b57a8,0x00000000e7f80000)
  from space 9728K, 0% used [0x00000000e7f80000,0x00000000e7f80000,0x00000000e8900000)
  to   space 13312K, 0% used [0x00000000eb680000,0x00000000eb680000,0x00000000ec380000)
 ParOldGen       total 97280K, used 20588K [0x00000000a0000000, 0x00000000a5f00000, 0x00000000e0000000)
  object space 97280K, 21% used [0x00000000a0000000,0x00000000a141b148,0x00000000a5f00000)
 Metaspace       used 38005K, capacity 38798K, committed 39040K, reserved 1083392K
  class space    used 5224K, capacity 5488K, committed 5504K, reserved 1048576K
GC Heap History (10 events):
Event: 6.487 GC heap before
{Heap before GC invocations=5 (full 0):
 PSYoungGen      total 71680K, used 24034K [0x00000000e0000000, 0x00000000e4b00000, 0x0000000100000000)
  eden space 66560K, 28% used [0x00000000e0000000,0x00000000e1280b70,0x00000000e4100000)
  from space 5120K, 99% used [0x00000000e4600000,0x00000000e4af8020,0x00000000e4b00000)
  to   space 5120K, 0% used [0x00000000e4100000,0x00000000e4100000,0x00000000e4600000)
 ParOldGen       total 87552K, used 5311K [0x00000000a0000000, 0x00000000a5580000, 0x00000000e0000000)
  object space 87552K, 6% used [0x00000000a0000000,0x00000000a052fd78,0x00000000a5580000)
 Metaspace       used 20830K, capacity 21200K, committed 21248K, reserved 1067008K
  class space    used 2915K, capacity 3039K, committed 3072K, reserved 1048576K
Event: 6.497 GC heap after
Heap after GC invocations=5 (full 0):
 PSYoungGen      total 71680K, used 5092K [0x00000000e0000000, 0x00000000e9600000, 0x0000000100000000)
  eden space 66560K, 0% used [0x00000000e0000000,0x00000000e0000000,0x00000000e4100000)
  from space 5120K, 99% used [0x00000000e4100000,0x00000000e45f9050,0x00000000e4600000)
  to   space 10240K, 0% used [0x00000000e8c00000,0x00000000e8c00000,0x00000000e9600000)
 ParOldGen       total 87552K, used 8158K [0x00000000a0000000, 0x00000000a5580000, 0x00000000e0000000)
  object space 87552K, 9% used [0x00000000a0000000,0x00000000a07f79e0,0x00000000a5580000)
 Metaspace       used 20830K, capacity 21200K, committed 21248K, reserved 1067008K
  class space    used 2915K, capacity 3039K, committed 3072K, reserved 1048576K
}
Event: 6.497 GC heap before
{Heap before GC invocations=6 (full 1):
 PSYoungGen      total 71680K, used 5092K [0x00000000e0000000, 0x00000000e9600000, 0x0000000100000000)
  eden space 66560K, 0% used [0x00000000e0000000,0x00000000e0000000,0x00000000e4100000)
  from space 5120K, 99% used [0x00000000e4100000,0x00000000e45f9050,0x00000000e4600000)
  to   space 10240K, 0% used [0x00000000e8c00000,0x00000000e8c00000,0x00000000e9600000)
 ParOldGen       total 87552K, used 8158K [0x00000000a0000000, 0x00000000a5580000, 0x00000000e0000000)
  object space 87552K, 9% used [0x00000000a0000000,0x00000000a07f79e0,0x00000000a5580000)
 Metaspace       used 20830K, capacity 21200K, committed 21248K, reserved 1067008K
  class space    used 2915K, capacity 3039K, committed 3072K, reserved 1048576K
Event: 6.546 GC heap after
Heap after GC invocations=6 (full 1):
 PSYoungGen      total 71680K, used 0K [0x00000000e0000000, 0x00000000e9600000, 0x0000000100000000)
  eden space 66560K, 0% used [0x00000000e0000000,0x00000000e0000000,0x00000000e4100000)
  from space 5120K, 0% used [0x00000000e4100000,0x00000000e4100000,0x00000000e4600000)
  to   space 10240K, 0% used [0x00000000e8c00000,0x00000000e8c00000,0x00000000e9600000)
 ParOldGen       total 57856K, used 8248K [0x00000000a0000000, 0x00000000a3880000, 0x00000000e0000000)
  object space 57856K, 14% used [0x00000000a0000000,0x00000000a080e1e8,0x00000000a3880000)
 Metaspace       used 20830K, capacity 21200K, committed 21248K, reserved 1067008K
  class space    used 2915K, capacity 3039K, committed 3072K, reserved 1048576K
}
Event: 7.747 GC heap before
{Heap before GC invocations=7 (full 1):
 PSYoungGen      total 71680K, used 66560K [0x00000000e0000000, 0x00000000e9600000, 0x0000000100000000)
  eden space 66560K, 100% used [0x00000000e0000000,0x00000000e4100000,0x00000000e4100000)
  from space 5120K, 0% used [0x00000000e4100000,0x00000000e4100000,0x00000000e4600000)
  to   space 10240K, 0% used [0x00000000e8c00000,0x00000000e8c00000,0x00000000e9600000)
 ParOldGen       total 57856K, used 8248K [0x00000000a0000000, 0x00000000a3880000, 0x00000000e0000000)
  object space 57856K, 14% used [0x00000000a0000000,0x00000000a080e1e8,0x00000000a3880000)
 Metaspace       used 26038K, capacity 26630K, committed 26880K, reserved 1073152K
  class space    used 3646K, capacity 3838K, committed 3840K, reserved 1048576K
Event: 7.757 GC heap after
Heap after GC invocations=7 (full 1):
 PSYoungGen      total 115200K, used 6598K [0x00000000e0000000, 0x00000000e9280000, 0x0000000100000000)
  eden space 108544K, 0% used [0x00000000e0000000,0x00000000e0000000,0x00000000e6a00000)
  from space 6656K, 99% used [0x00000000e8c00000,0x00000000e9271b18,0x00000000e9280000)
  to   space 9728K, 0% used [0x00000000e7f80000,0x00000000e7f80000,0x00000000e8900000)
 ParOldGen       total 57856K, used 8256K [0x00000000a0000000, 0x00000000a3880000, 0x00000000e0000000)
  object space 57856K, 14% used [0x00000000a0000000,0x00000000a08101e8,0x00000000a3880000)
 Metaspace       used 26038K, capacity 26630K, committed 26880K, reserved 1073152K
  class space    used 3646K, capacity 3838K, committed 3840K, reserved 1048576K
}
Event: 17.512 GC heap before
{Heap before GC invocations=8 (full 1):
 PSYoungGen      total 115200K, used 113398K [0x00000000e0000000, 0x00000000e9280000, 0x0000000100000000)
  eden space 108544K, 98% used [0x00000000e0000000,0x00000000e684c0c8,0x00000000e6a00000)
  from space 6656K, 99% used [0x00000000e8c00000,0x00000000e9271b18,0x00000000e9280000)
  to   space 9728K, 0% used [0x00000000e7f80000,0x00000000e7f80000,0x00000000e8900000)
 ParOldGen       total 57856K, used 8256K [0x00000000a0000000, 0x00000000a3880000, 0x00000000e0000000)
  object space 57856K, 14% used [0x00000000a0000000,0x00000000a08101e8,0x00000000a3880000)
 Metaspace       used 34699K, capacity 35318K, committed 35416K, reserved 1079296K
  class space    used 4862K, capacity 5116K, committed 5120K, reserved 1048576K
Event: 17.569 GC heap after
Heap after GC invocations=8 (full 1):
 PSYoungGen      total 140288K, used 9705K [0x00000000e0000000, 0x00000000ec380000, 0x0000000100000000)
  eden space 130560K, 0% used [0x00000000e0000000,0x00000000e0000000,0x00000000e7f80000)
  from space 9728K, 99% used [0x00000000e7f80000,0x00000000e88fa488,0x00000000e8900000)
  to   space 13312K, 0% used [0x00000000eb680000,0x00000000eb680000,0x00000000ec380000)
 ParOldGen       total 57856K, used 12812K [0x00000000a0000000, 0x00000000a3880000, 0x00000000e0000000)
  object space 57856K, 22% used [0x00000000a0000000,0x00000000a0c83328,0x00000000a3880000)
 Metaspace       used 34699K, capacity 35318K, committed 35416K, reserved 1079296K
  class space    used 4862K, capacity 5116K, committed 5120K, reserved 1048576K
}
Event: 17.569 GC heap before
{Heap before GC invocations=9 (full 2):
 PSYoungGen      total 140288K, used 9705K [0x00000000e0000000, 0x00000000ec380000, 0x0000000100000000)
  eden space 130560K, 0% used [0x00000000e0000000,0x00000000e0000000,0x00000000e7f80000)
  from space 9728K, 99% used [0x00000000e7f80000,0x00000000e88fa488,0x00000000e8900000)
  to   space 13312K, 0% used [0x00000000eb680000,0x00000000eb680000,0x00000000ec380000)
 ParOldGen       total 57856K, used 12812K [0x00000000a0000000, 0x00000000a3880000, 0x00000000e0000000)
  object space 57856K, 22% used [0x00000000a0000000,0x00000000a0c83328,0x00000000a3880000)
 Metaspace       used 34699K, capacity 35318K, committed 35416K, reserved 1079296K
  class space    used 4862K, capacity 5116K, committed 5120K, reserved 1048576K
Event: 17.820 GC heap after
Heap after GC invocations=9 (full 2):
 PSYoungGen      total 140288K, used 0K [0x00000000e0000000, 0x00000000ec380000, 0x0000000100000000)
  eden space 130560K, 0% used [0x00000000e0000000,0x00000000e0000000,0x00000000e7f80000)
  from space 9728K, 0% used [0x00000000e7f80000,0x00000000e7f80000,0x00000000e8900000)
  to   space 13312K, 0% used [0x00000000eb680000,0x00000000eb680000,0x00000000ec380000)
 ParOldGen       total 97280K, used 20588K [0x00000000a0000000, 0x00000000a5f00000, 0x00000000e0000000)
  object space 97280K, 21% used [0x00000000a0000000,0x00000000a141b148,0x00000000a5f00000)
 Metaspace       used 34699K, capacity 35318K, committed 35416K, reserved 1079296K
  class space    used 4862K, capacity 5116K, committed 5120K, reserved 1048576K
}

