# JRE version: OpenJDK Runtime Environment (8.0_152-b06) (build 1.8.0_152-release-1136-b06)
# Java VM: OpenJDK 64-Bit Server VM (25.152-b06 mixed mode windows-amd64 compressed oops)
Heap:
 PSYoungGen      total 125952K, used 47801K [0x00000000e0000000, 0x00000000e8900000, 0x0000000100000000)
  eden space 115200K, 33% used [0x00000000e0000000,0x00000000e25ee530,0x00000000e7080000)
  from space 10752K, 83% used [0x00000000e7b80000,0x00000000e84401c8,0x00000000e8600000)
  to   space 11264K, 0% used [0x00000000e7080000,0x00000000e7080000,0x00000000e7b80000)
 ParOldGen       total 78336K, used 14642K [0x00000000a0000000, 0x00000000a4c80000, 0x00000000e0000000)
  object space 78336K, 18% used [0x00000000a0000000,0x00000000a0e4c898,0x00000000a4c80000)
 Metaspace       used 42153K, capacity 42866K, committed 43096K, reserved 1087488K
  class space    used 5706K, capacity 5944K, committed 6016K, reserved 1048576K
GC Heap History (10 events):
Event: 9.710 GC heap before
{Heap before GC invocations=8 (full 1):
 PSYoungGen      total 57344K, used 56861K [0x00000000e0000000, 0x00000000e4f00000, 0x0000000100000000)
  eden space 53248K, 100% used [0x00000000e0000000,0x00000000e3400000,0x00000000e3400000)
  from space 4096K, 88% used [0x00000000e4b00000,0x00000000e4e87570,0x00000000e4f00000)
  to   space 10240K, 0% used [0x00000000e3b00000,0x00000000e3b00000,0x00000000e4500000)
 ParOldGen       total 58880K, used 8320K [0x00000000a0000000, 0x00000000a3980000, 0x00000000e0000000)
  object space 58880K, 14% used [0x00000000a0000000,0x00000000a08201e8,0x00000000a3980000)
 Metaspace       used 27569K, capacity 27984K, committed 28160K, reserved 1073152K
  class space    used 3843K, capacity 4001K, committed 4096K, reserved 1048576K
Event: 9.737 GC heap after
Heap after GC invocations=8 (full 1):
 PSYoungGen      total 70656K, used 6134K [0x00000000e0000000, 0x00000000e6600000, 0x0000000100000000)
  eden space 60416K, 0% used [0x00000000e0000000,0x00000000e0000000,0x00000000e3b00000)
  from space 10240K, 59% used [0x00000000e3b00000,0x00000000e40fd828,0x00000000e4500000)
  to   space 9728K, 0% used [0x00000000e5c80000,0x00000000e5c80000,0x00000000e6600000)
 ParOldGen       total 58880K, used 8320K [0x00000000a0000000, 0x00000000a3980000, 0x00000000e0000000)
  object space 58880K, 14% used [0x00000000a0000000,0x00000000a08201e8,0x00000000a3980000)
 Metaspace       used 27569K, capacity 27984K, committed 28160K, reserved 1073152K
  class space    used 3843K, capacity 4001K, committed 4096K, reserved 1048576K
}
Event: 31.459 GC heap before
{Heap before GC invocations=9 (full 1):
 PSYoungGen      total 70656K, used 66550K [0x00000000e0000000, 0x00000000e6600000, 0x0000000100000000)
  eden space 60416K, 100% used [0x00000000e0000000,0x00000000e3b00000,0x00000000e3b00000)
  from space 10240K, 59% used [0x00000000e3b00000,0x00000000e40fd828,0x00000000e4500000)
  to   space 9728K, 0% used [0x00000000e5c80000,0x00000000e5c80000,0x00000000e6600000)
 ParOldGen       total 58880K, used 8320K [0x00000000a0000000, 0x00000000a3980000, 0x00000000e0000000)
  object space 58880K, 14% used [0x00000000a0000000,0x00000000a08201e8,0x00000000a3980000)
 Metaspace       used 33040K, capacity 33544K, committed 33792K, reserved 1079296K
  class space    used 4614K, capacity 4834K, committed 4864K, reserved 1048576K
Event: 31.479 GC heap after
Heap after GC invocations=9 (full 1):
 PSYoungGen      total 93184K, used 9702K [0x00000000e0000000, 0x00000000e7000000, 0x0000000100000000)
  eden space 83456K, 0% used [0x00000000e0000000,0x00000000e0000000,0x00000000e5180000)
  from space 9728K, 99% used [0x00000000e5c80000,0x00000000e65f9aa0,0x00000000e6600000)
  to   space 11264K, 0% used [0x00000000e5180000,0x00000000e5180000,0x00000000e5c80000)
 ParOldGen       total 58880K, used 8536K [0x00000000a0000000, 0x00000000a3980000, 0x00000000e0000000)
  object space 58880K, 14% used [0x00000000a0000000,0x00000000a0856118,0x00000000a3980000)
 Metaspace       used 33040K, capacity 33544K, committed 33792K, reserved 1079296K
  class space    used 4614K, capacity 4834K, committed 4864K, reserved 1048576K
}
Event: 31.803 GC heap before
{Heap before GC invocations=10 (full 1):
 PSYoungGen      total 93184K, used 21767K [0x00000000e0000000, 0x00000000e7000000, 0x0000000100000000)
  eden space 83456K, 14% used [0x00000000e0000000,0x00000000e0bc8230,0x00000000e5180000)
  from space 9728K, 99% used [0x00000000e5c80000,0x00000000e65f9aa0,0x00000000e6600000)
  to   space 11264K, 0% used [0x00000000e5180000,0x00000000e5180000,0x00000000e5c80000)
 ParOldGen       total 58880K, used 8536K [0x00000000a0000000, 0x00000000a3980000, 0x00000000e0000000)
  object space 58880K, 14% used [0x00000000a0000000,0x00000000a0856118,0x00000000a3980000)
 Metaspace       used 34751K, capacity 35232K, committed 35416K, reserved 1079296K
  class space    used 4791K, capacity 4972K, committed 4992K, reserved 1048576K
Event: 31.820 GC heap after
Heap after GC invocations=10 (full 1):
 PSYoungGen      total 94720K, used 6498K [0x00000000e0000000, 0x00000000e8600000, 0x0000000100000000)
  eden space 83456K, 0% used [0x00000000e0000000,0x00000000e0000000,0x00000000e5180000)
  from space 11264K, 57% used [0x00000000e5180000,0x00000000e57d8a20,0x00000000e5c80000)
  to   space 10752K, 0% used [0x00000000e7b80000,0x00000000e7b80000,0x00000000e8600000)
 ParOldGen       total 58880K, used 9852K [0x00000000a0000000, 0x00000000a3980000, 0x00000000e0000000)
  object space 58880K, 16% used [0x00000000a0000000,0x00000000a099f1b8,0x00000000a3980000)
 Metaspace       used 34751K, capacity 35232K, committed 35416K, reserved 1079296K
  class space    used 4791K, capacity 4972K, committed 4992K, reserved 1048576K
}
Event: 31.820 GC heap before
{Heap before GC invocations=11 (full 2):
 PSYoungGen      total 94720K, used 6498K [0x00000000e0000000, 0x00000000e8600000, 0x0000000100000000)
  eden space 83456K, 0% used [0x00000000e0000000,0x00000000e0000000,0x00000000e5180000)
  from space 11264K, 57% used [0x00000000e5180000,0x00000000e57d8a20,0x00000000e5c80000)
  to   space 10752K, 0% used [0x00000000e7b80000,0x00000000e7b80000,0x00000000e8600000)
 ParOldGen       total 58880K, used 9852K [0x00000000a0000000, 0x00000000a3980000, 0x00000000e0000000)
  object space 58880K, 16% used [0x00000000a0000000,0x00000000a099f1b8,0x00000000a3980000)
 Metaspace       used 34751K, capacity 35232K, committed 35416K, reserved 1079296K
  class space    used 4791K, capacity 4972K, committed 4992K, reserved 1048576K
Event: 31.957 GC heap after
Heap after GC invocations=11 (full 2):
 PSYoungGen      total 94720K, used 0K [0x00000000e0000000, 0x00000000e8600000, 0x0000000100000000)
  eden space 83456K, 0% used [0x00000000e0000000,0x00000000e0000000,0x00000000e5180000)
  from space 11264K, 0% used [0x00000000e5180000,0x00000000e5180000,0x00000000e5c80000)
  to   space 10752K, 0% used [0x00000000e7b80000,0x00000000e7b80000,0x00000000e8600000)
 ParOldGen       total 78336K, used 14634K [0x00000000a0000000, 0x00000000a4c80000, 0x00000000e0000000)
  object space 78336K, 18% used [0x00000000a0000000,0x00000000a0e4a898,0x00000000a4c80000)
 Metaspace       used 34751K, capacity 35232K, committed 35416K, reserved 1079296K
  class space    used 4791K, capacity 4972K, committed 4992K, reserved 1048576K
}
Event: 33.662 GC heap before
{Heap before GC invocations=12 (full 2):
 PSYoungGen      total 94720K, used 83439K [0x00000000e0000000, 0x00000000e8600000, 0x0000000100000000)
  eden space 83456K, 99% used [0x00000000e0000000,0x00000000e517bdc8,0x00000000e5180000)
  from space 11264K, 0% used [0x00000000e5180000,0x00000000e5180000,0x00000000e5c80000)
  to   space 10752K, 0% used [0x00000000e7b80000,0x00000000e7b80000,0x00000000e8600000)
 ParOldGen       total 78336K, used 14634K [0x00000000a0000000, 0x00000000a4c80000, 0x00000000e0000000)
  object space 78336K, 18% used [0x00000000a0000000,0x00000000a0e4a898,0x00000000a4c80000)
 Metaspace       used 39737K, capacity 40354K, committed 40664K, reserved 1085440K
  class space    used 5385K, capacity 5603K, committed 5632K, reserved 1048576K
Event: 33.684 GC heap after
Heap after GC invocations=12 (full 2):
 PSYoungGen      total 125952K, used 8960K [0x00000000e0000000, 0x00000000e8900000, 0x0000000100000000)
  eden space 115200K, 0% used [0x00000000e0000000,0x00000000e0000000,0x00000000e7080000)
  from space 10752K, 83% used [0x00000000e7b80000,0x00000000e84401c8,0x00000000e8600000)
  to   space 11264K, 0% used [0x00000000e7080000,0x00000000e7080000,0x00000000e7b80000)
 ParOldGen       total 78336K, used 14642K [0x00000000a0000000, 0x00000000a4c80000, 0x00000000e0000000)
  object space 78336K, 18% used [0x00000000a0000000,0x00000000a0e4c898,0x00000000a4c80000)
 Metaspace       used 39737K, capacity 40354K, committed 40664K, reserved 1085440K
  class space    used 5385K, capacity 5603K, committed 5632K, reserved 1048576K
}

