# JRE version: OpenJDK Runtime Environment (8.0_152-b06) (build 1.8.0_152-release-1136-b06)
# Java VM: OpenJDK 64-Bit Server VM (25.152-b06 mixed mode windows-amd64 compressed oops)
Heap:
 PSYoungGen      total 115712K, used 111406K [0x00000000e0000000, 0x00000000e9b00000, 0x0000000100000000)
  eden space 103424K, 95% used [0x00000000e0000000,0x00000000e60d2ba8,0x00000000e6500000)
  from space 12288K, 99% used [0x00000000e6500000,0x00000000e70f8e48,0x00000000e7100000)
  to   space 15360K, 0% used [0x00000000e8c00000,0x00000000e8c00000,0x00000000e9b00000)
 ParOldGen       total 92672K, used 21371K [0x00000000a0000000, 0x00000000a5a80000, 0x00000000e0000000)
  object space 92672K, 23% used [0x00000000a0000000,0x00000000a14deea0,0x00000000a5a80000)
 Metaspace       used 55310K, capacity 56988K, committed 57344K, reserved 1097728K
  class space    used 7632K, capacity 8073K, committed 8192K, reserved 1048576K
GC Heap History (10 events):
Event: 6.150 GC heap before
{Heap before GC invocations=9 (full 1):
 PSYoungGen      total 70144K, used 66614K [0x00000000e0000000, 0x00000000e6080000, 0x0000000100000000)
  eden space 59904K, 100% used [0x00000000e0000000,0x00000000e3a80000,0x00000000e3a80000)
  from space 10240K, 65% used [0x00000000e3a80000,0x00000000e410d9a0,0x00000000e4480000)
  to   space 10240K, 0% used [0x00000000e5680000,0x00000000e5680000,0x00000000e6080000)
 ParOldGen       total 60416K, used 8268K [0x00000000a0000000, 0x00000000a3b00000, 0x00000000e0000000)
  object space 60416K, 13% used [0x00000000a0000000,0x00000000a0813158,0x00000000a3b00000)
 Metaspace       used 30739K, capacity 31312K, committed 31488K, reserved 1077248K
  class space    used 4310K, capacity 4545K, committed 4608K, reserved 1048576K
Event: 6.166 GC heap after
Heap after GC invocations=9 (full 1):
 PSYoungGen      total 87552K, used 9757K [0x00000000e0000000, 0x00000000e6f00000, 0x0000000100000000)
  eden space 77312K, 0% used [0x00000000e0000000,0x00000000e0000000,0x00000000e4b80000)
  from space 10240K, 95% used [0x00000000e5680000,0x00000000e6007590,0x00000000e6080000)
  to   space 11264K, 0% used [0x00000000e4b80000,0x00000000e4b80000,0x00000000e5680000)
 ParOldGen       total 60416K, used 8276K [0x00000000a0000000, 0x00000000a3b00000, 0x00000000e0000000)
  object space 60416K, 13% used [0x00000000a0000000,0x00000000a0815158,0x00000000a3b00000)
 Metaspace       used 30739K, capacity 31312K, committed 31488K, reserved 1077248K
  class space    used 4310K, capacity 4545K, committed 4608K, reserved 1048576K
}
Event: 6.867 GC heap before
{Heap before GC invocations=10 (full 1):
 PSYoungGen      total 87552K, used 39221K [0x00000000e0000000, 0x00000000e6f00000, 0x0000000100000000)
  eden space 77312K, 38% used [0x00000000e0000000,0x00000000e1cc5f48,0x00000000e4b80000)
  from space 10240K, 95% used [0x00000000e5680000,0x00000000e6007590,0x00000000e6080000)
  to   space 11264K, 0% used [0x00000000e4b80000,0x00000000e4b80000,0x00000000e5680000)
 ParOldGen       total 60416K, used 8276K [0x00000000a0000000, 0x00000000a3b00000, 0x00000000e0000000)
  object space 60416K, 13% used [0x00000000a0000000,0x00000000a0815158,0x00000000a3b00000)
 Metaspace       used 34689K, capacity 35318K, committed 35416K, reserved 1079296K
  class space    used 4869K, capacity 5116K, committed 5120K, reserved 1048576K
Event: 6.904 GC heap after
Heap after GC invocations=10 (full 1):
 PSYoungGen      total 88576K, used 10656K [0x00000000e0000000, 0x00000000e8100000, 0x0000000100000000)
  eden space 77312K, 0% used [0x00000000e0000000,0x00000000e0000000,0x00000000e4b80000)
  from space 11264K, 94% used [0x00000000e4b80000,0x00000000e55e8010,0x00000000e5680000)
  to   space 12288K, 0% used [0x00000000e7500000,0x00000000e7500000,0x00000000e8100000)
 ParOldGen       total 60416K, used 8284K [0x00000000a0000000, 0x00000000a3b00000, 0x00000000e0000000)
  object space 60416K, 13% used [0x00000000a0000000,0x00000000a0817158,0x00000000a3b00000)
 Metaspace       used 34689K, capacity 35318K, committed 35416K, reserved 1079296K
  class space    used 4869K, capacity 5116K, committed 5120K, reserved 1048576K
}
Event: 6.904 GC heap before
{Heap before GC invocations=11 (full 2):
 PSYoungGen      total 88576K, used 10656K [0x00000000e0000000, 0x00000000e8100000, 0x0000000100000000)
  eden space 77312K, 0% used [0x00000000e0000000,0x00000000e0000000,0x00000000e4b80000)
  from space 11264K, 94% used [0x00000000e4b80000,0x00000000e55e8010,0x00000000e5680000)
  to   space 12288K, 0% used [0x00000000e7500000,0x00000000e7500000,0x00000000e8100000)
 ParOldGen       total 60416K, used 8284K [0x00000000a0000000, 0x00000000a3b00000, 0x00000000e0000000)
  object space 60416K, 13% used [0x00000000a0000000,0x00000000a0817158,0x00000000a3b00000)
 Metaspace       used 34689K, capacity 35318K, committed 35416K, reserved 1079296K
  class space    used 4869K, capacity 5116K, committed 5120K, reserved 1048576K
Event: 7.011 GC heap after
Heap after GC invocations=11 (full 2):
 PSYoungGen      total 88576K, used 0K [0x00000000e0000000, 0x00000000e8100000, 0x0000000100000000)
  eden space 77312K, 0% used [0x00000000e0000000,0x00000000e0000000,0x00000000e4b80000)
  from space 11264K, 0% used [0x00000000e4b80000,0x00000000e4b80000,0x00000000e5680000)
  to   space 12288K, 0% used [0x00000000e7500000,0x00000000e7500000,0x00000000e8100000)
 ParOldGen       total 92672K, used 17157K [0x00000000a0000000, 0x00000000a5a80000, 0x00000000e0000000)
  object space 92672K, 18% used [0x00000000a0000000,0x00000000a10c1700,0x00000000a5a80000)
 Metaspace       used 34689K, capacity 35318K, committed 35416K, reserved 1079296K
  class space    used 4869K, capacity 5116K, committed 5120K, reserved 1048576K
}
Event: 7.911 GC heap before
{Heap before GC invocations=12 (full 2):
 PSYoungGen      total 88576K, used 77312K [0x00000000e0000000, 0x00000000e8100000, 0x0000000100000000)
  eden space 77312K, 100% used [0x00000000e0000000,0x00000000e4b80000,0x00000000e4b80000)
  from space 11264K, 0% used [0x00000000e4b80000,0x00000000e4b80000,0x00000000e5680000)
  to   space 12288K, 0% used [0x00000000e7500000,0x00000000e7500000,0x00000000e8100000)
 ParOldGen       total 92672K, used 17157K [0x00000000a0000000, 0x00000000a5a80000, 0x00000000e0000000)
  object space 92672K, 18% used [0x00000000a0000000,0x00000000a10c1700,0x00000000a5a80000)
 Metaspace       used 39635K, capacity 40402K, committed 40576K, reserved 1083392K
  class space    used 5434K, capacity 5720K, committed 5760K, reserved 1048576K
Event: 7.928 GC heap after
Heap after GC invocations=12 (full 2):
 PSYoungGen      total 108544K, used 7860K [0x00000000e0000000, 0x00000000e7d00000, 0x0000000100000000)
  eden space 100352K, 0% used [0x00000000e0000000,0x00000000e0000000,0x00000000e6200000)
  from space 8192K, 95% used [0x00000000e7500000,0x00000000e7cad2c0,0x00000000e7d00000)
  to   space 12288K, 0% used [0x00000000e6500000,0x00000000e6500000,0x00000000e7100000)
 ParOldGen       total 92672K, used 17165K [0x00000000a0000000, 0x00000000a5a80000, 0x00000000e0000000)
  object space 92672K, 18% used [0x00000000a0000000,0x00000000a10c3700,0x00000000a5a80000)
 Metaspace       used 39635K, capacity 40402K, committed 40576K, reserved 1083392K
  class space    used 5434K, capacity 5720K, committed 5760K, reserved 1048576K
}
Event: 9.930 GC heap before
{Heap before GC invocations=13 (full 2):
 PSYoungGen      total 108544K, used 108212K [0x00000000e0000000, 0x00000000e7d00000, 0x0000000100000000)
  eden space 100352K, 100% used [0x00000000e0000000,0x00000000e6200000,0x00000000e6200000)
  from space 8192K, 95% used [0x00000000e7500000,0x00000000e7cad2c0,0x00000000e7d00000)
  to   space 12288K, 0% used [0x00000000e6500000,0x00000000e6500000,0x00000000e7100000)
 ParOldGen       total 92672K, used 17165K [0x00000000a0000000, 0x00000000a5a80000, 0x00000000e0000000)
  object space 92672K, 18% used [0x00000000a0000000,0x00000000a10c3700,0x00000000a5a80000)
 Metaspace       used 48972K, capacity 50010K, committed 50304K, reserved 1093632K
  class space    used 6598K, capacity 6965K, committed 7040K, reserved 1048576K
Event: 9.950 GC heap after
Heap after GC invocations=13 (full 2):
 PSYoungGen      total 115712K, used 12259K [0x00000000e0000000, 0x00000000e9b00000, 0x0000000100000000)
  eden space 103424K, 0% used [0x00000000e0000000,0x00000000e0000000,0x00000000e6500000)
  from space 12288K, 99% used [0x00000000e6500000,0x00000000e70f8e48,0x00000000e7100000)
  to   space 15360K, 0% used [0x00000000e8c00000,0x00000000e8c00000,0x00000000e9b00000)
 ParOldGen       total 92672K, used 21371K [0x00000000a0000000, 0x00000000a5a80000, 0x00000000e0000000)
  object space 92672K, 23% used [0x00000000a0000000,0x00000000a14deea0,0x00000000a5a80000)
 Metaspace       used 48972K, capacity 50010K, committed 50304K, reserved 1093632K
  class space    used 6598K, capacity 6965K, committed 7040K, reserved 1048576K
}

