# JRE version: OpenJDK Runtime Environment (8.0_152-b06) (build 1.8.0_152-release-1136-b06)
# Java VM: OpenJDK 64-Bit Server VM (25.152-b06 mixed mode windows-amd64 compressed oops)
Heap:
 PSYoungGen      total 88576K, used 10688K [0x00000000e0000000, 0x00000000e7e80000, 0x0000000100000000)
  eden space 77312K, 0% used [0x00000000e0000000,0x00000000e0000000,0x00000000e4b80000)
  from space 11264K, 94% used [0x00000000e4b80000,0x00000000e55f0208,0x00000000e5680000)
  to   space 12288K, 0% used [0x00000000e7280000,0x00000000e7280000,0x00000000e7e80000)
 ParOldGen       total 61440K, used 8486K [0x00000000a0000000, 0x00000000a3c00000, 0x00000000e0000000)
  object space 61440K, 13% used [0x00000000a0000000,0x00000000a08498e8,0x00000000a3c00000)
 Metaspace       used 34616K, capacity 35286K, committed 35416K, reserved 1079296K
  class space    used 4860K, capacity 5148K, committed 5208K, reserved 1048576K
GC Heap History (10 events):
Event: 4.133 GC heap after
Heap after GC invocations=6 (full 1):
 PSYoungGen      total 38400K, used 0K [0x00000000e0000000, 0x00000000e5500000, 0x0000000100000000)
  eden space 33280K, 0% used [0x00000000e0000000,0x00000000e0000000,0x00000000e2080000)
  from space 5120K, 0% used [0x00000000e2080000,0x00000000e2080000,0x00000000e2580000)
  to   space 10240K, 0% used [0x00000000e4b00000,0x00000000e4b00000,0x00000000e5500000)
 ParOldGen       total 61440K, used 8240K [0x00000000a0000000, 0x00000000a3c00000, 0x00000000e0000000)
  object space 61440K, 13% used [0x00000000a0000000,0x00000000a080c388,0x00000000a3c00000)
 Metaspace       used 20813K, capacity 21232K, committed 21248K, reserved 1067008K
  class space    used 2915K, capacity 3071K, committed 3072K, reserved 1048576K
}
Event: 4.693 GC heap before
{Heap before GC invocations=7 (full 1):
 PSYoungGen      total 38400K, used 33280K [0x00000000e0000000, 0x00000000e5500000, 0x0000000100000000)
  eden space 33280K, 100% used [0x00000000e0000000,0x00000000e2080000,0x00000000e2080000)
  from space 5120K, 0% used [0x00000000e2080000,0x00000000e2080000,0x00000000e2580000)
  to   space 10240K, 0% used [0x00000000e4b00000,0x00000000e4b00000,0x00000000e5500000)
 ParOldGen       total 61440K, used 8240K [0x00000000a0000000, 0x00000000a3c00000, 0x00000000e0000000)
  object space 61440K, 13% used [0x00000000a0000000,0x00000000a080c388,0x00000000a3c00000)
 Metaspace       used 23828K, capacity 24328K, committed 24576K, reserved 1071104K
  class space    used 3285K, capacity 3463K, committed 3584K, reserved 1048576K
Event: 4.701 GC heap after
Heap after GC invocations=7 (full 1):
 PSYoungGen      total 55296K, used 3549K [0x00000000e0000000, 0x00000000e4e80000, 0x0000000100000000)
  eden space 51712K, 0% used [0x00000000e0000000,0x00000000e0000000,0x00000000e3280000)
  from space 3584K, 99% used [0x00000000e4b00000,0x00000000e4e77410,0x00000000e4e80000)
  to   space 10240K, 0% used [0x00000000e3a80000,0x00000000e3a80000,0x00000000e4480000)
 ParOldGen       total 61440K, used 8248K [0x00000000a0000000, 0x00000000a3c00000, 0x00000000e0000000)
  object space 61440K, 13% used [0x00000000a0000000,0x00000000a080e388,0x00000000a3c00000)
 Metaspace       used 23828K, capacity 24328K, committed 24576K, reserved 1071104K
  class space    used 3285K, capacity 3463K, committed 3584K, reserved 1048576K
}
Event: 5.867 GC heap before
{Heap before GC invocations=8 (full 1):
 PSYoungGen      total 55296K, used 55261K [0x00000000e0000000, 0x00000000e4e80000, 0x0000000100000000)
  eden space 51712K, 100% used [0x00000000e0000000,0x00000000e3280000,0x00000000e3280000)
  from space 3584K, 99% used [0x00000000e4b00000,0x00000000e4e77410,0x00000000e4e80000)
  to   space 10240K, 0% used [0x00000000e3a80000,0x00000000e3a80000,0x00000000e4480000)
 ParOldGen       total 61440K, used 8248K [0x00000000a0000000, 0x00000000a3c00000, 0x00000000e0000000)
  object space 61440K, 13% used [0x00000000a0000000,0x00000000a080e388,0x00000000a3c00000)
 Metaspace       used 27387K, capacity 27948K, committed 28288K, reserved 1073152K
  class space    used 3743K, capacity 3914K, committed 3968K, reserved 1048576K
Event: 5.877 GC heap after
Heap after GC invocations=8 (full 1):
 PSYoungGen      total 70144K, used 6521K [0x00000000e0000000, 0x00000000e6000000, 0x0000000100000000)
  eden space 59904K, 0% used [0x00000000e0000000,0x00000000e0000000,0x00000000e3a80000)
  from space 10240K, 63% used [0x00000000e3a80000,0x00000000e40de6b0,0x00000000e4480000)
  to   space 9728K, 0% used [0x00000000e5680000,0x00000000e5680000,0x00000000e6000000)
 ParOldGen       total 61440K, used 8256K [0x00000000a0000000, 0x00000000a3c00000, 0x00000000e0000000)
  object space 61440K, 13% used [0x00000000a0000000,0x00000000a0810388,0x00000000a3c00000)
 Metaspace       used 27387K, capacity 27948K, committed 28288K, reserved 1073152K
  class space    used 3743K, capacity 3914K, committed 3968K, reserved 1048576K
}
Event: 6.796 GC heap before
{Heap before GC invocations=9 (full 1):
 PSYoungGen      total 70144K, used 66425K [0x00000000e0000000, 0x00000000e6000000, 0x0000000100000000)
  eden space 59904K, 100% used [0x00000000e0000000,0x00000000e3a80000,0x00000000e3a80000)
  from space 10240K, 63% used [0x00000000e3a80000,0x00000000e40de6b0,0x00000000e4480000)
  to   space 9728K, 0% used [0x00000000e5680000,0x00000000e5680000,0x00000000e6000000)
 ParOldGen       total 61440K, used 8256K [0x00000000a0000000, 0x00000000a3c00000, 0x00000000e0000000)
  object space 61440K, 13% used [0x00000000a0000000,0x00000000a0810388,0x00000000a3c00000)
 Metaspace       used 30744K, capacity 31376K, committed 31488K, reserved 1077248K
  class space    used 4310K, capacity 4545K, committed 4608K, reserved 1048576K
Event: 6.807 GC heap after
Heap after GC invocations=9 (full 1):
 PSYoungGen      total 87040K, used 9697K [0x00000000e0000000, 0x00000000e6f80000, 0x0000000100000000)
  eden space 77312K, 0% used [0x00000000e0000000,0x00000000e0000000,0x00000000e4b80000)
  from space 9728K, 99% used [0x00000000e5680000,0x00000000e5ff8538,0x00000000e6000000)
  to   space 11264K, 0% used [0x00000000e4b80000,0x00000000e4b80000,0x00000000e5680000)
 ParOldGen       total 61440K, used 8478K [0x00000000a0000000, 0x00000000a3c00000, 0x00000000e0000000)
  object space 61440K, 13% used [0x00000000a0000000,0x00000000a08478e8,0x00000000a3c00000)
 Metaspace       used 30744K, capacity 31376K, committed 31488K, reserved 1077248K
  class space    used 4310K, capacity 4545K, committed 4608K, reserved 1048576K
}
Event: 7.478 GC heap before
{Heap before GC invocations=10 (full 1):
 PSYoungGen      total 87040K, used 40086K [0x00000000e0000000, 0x00000000e6f80000, 0x0000000100000000)
  eden space 77312K, 39% used [0x00000000e0000000,0x00000000e1dad2d8,0x00000000e4b80000)
  from space 9728K, 99% used [0x00000000e5680000,0x00000000e5ff8538,0x00000000e6000000)
  to   space 11264K, 0% used [0x00000000e4b80000,0x00000000e4b80000,0x00000000e5680000)
 ParOldGen       total 61440K, used 8478K [0x00000000a0000000, 0x00000000a3c00000, 0x00000000e0000000)
  object space 61440K, 13% used [0x00000000a0000000,0x00000000a08478e8,0x00000000a3c00000)
 Metaspace       used 34616K, capacity 35286K, committed 35416K, reserved 1079296K
  class space    used 4860K, capacity 5148K, committed 5208K, reserved 1048576K
Event: 7.496 GC heap after
Heap after GC invocations=10 (full 1):
 PSYoungGen      total 88576K, used 10688K [0x00000000e0000000, 0x00000000e7e80000, 0x0000000100000000)
  eden space 77312K, 0% used [0x00000000e0000000,0x00000000e0000000,0x00000000e4b80000)
  from space 11264K, 94% used [0x00000000e4b80000,0x00000000e55f0208,0x00000000e5680000)
  to   space 12288K, 0% used [0x00000000e7280000,0x00000000e7280000,0x00000000e7e80000)
 ParOldGen       total 61440K, used 8486K [0x00000000a0000000, 0x00000000a3c00000, 0x00000000e0000000)
  object space 61440K, 13% used [0x00000000a0000000,0x00000000a08498e8,0x00000000a3c00000)
 Metaspace       used 34616K, capacity 35286K, committed 35416K, reserved 1079296K
  class space    used 4860K, capacity 5148K, committed 5208K, reserved 1048576K
}
Event: 7.496 GC heap before
{Heap before GC invocations=11 (full 2):
 PSYoungGen      total 88576K, used 10688K [0x00000000e0000000, 0x00000000e7e80000, 0x0000000100000000)
  eden space 77312K, 0% used [0x00000000e0000000,0x00000000e0000000,0x00000000e4b80000)
  from space 11264K, 94% used [0x00000000e4b80000,0x00000000e55f0208,0x00000000e5680000)
  to   space 12288K, 0% used [0x00000000e7280000,0x00000000e7280000,0x00000000e7e80000)
 ParOldGen       total 61440K, used 8486K [0x00000000a0000000, 0x00000000a3c00000, 0x00000000e0000000)
  object space 61440K, 13% used [0x00000000a0000000,0x00000000a08498e8,0x00000000a3c00000)
 Metaspace       used 34616K, capacity 35286K, committed 35416K, reserved 1079296K
  class space    used 4860K, capacity 5148K, committed 5208K, reserved 1048576K

